<?xml version="1.0" encoding="UTF-8"?>
<!-- Generated by org.testng.reporters.JUnitReportReporter -->
<testsuite hostname="Ethans-MacBook-Pro-10.local" failures="0" tests="1" name="tests.FinishCheckoutTest" time="5.652" errors="0" timestamp="2025-10-23T13:31:04 MDT" skipped="0">
  <testcase classname="tests.FinishCheckoutTest" name="finishCheckout" time="5.652"/>
</testsuite> <!-- tests.FinishCheckoutTest -->
