<?xml version="1.0" encoding="UTF-8"?>
<!-- Generated by org.testng.reporters.JUnitReportReporter -->
<testsuite hostname="Ethans-MacBook-Pro-10.local" failures="0" tests="2" name="tests.LoginTest" time="0.446" errors="0" timestamp="2025-10-23T13:31:04 MDT" skipped="0">
  <testcase classname="tests.LoginTest" name="invalidLogin" time="0.322"/>
  <testcase classname="tests.LoginTest" name="validLogin" time="0.124"/>
</testsuite> <!-- tests.LoginTest -->
